{"C:\\Users\\anmartinez\\Downloads\\Curso Node 10\\Sesion6\\Work\\Repaso\\compact.js": {"path":"C:\\Users\\anmartinez\\Downloads\\Curso Node 10\\Sesion6\\Work\\Repaso\\compact.js","statementMap":{"0":{"start":{"line":2,"column":4},"end":{"line":4,"column":6}},"1":{"start":{"line":3,"column":8},"end":{"line":3,"column":24}},"2":{"start":{"line":7,"column":0},"end":{"line":7,"column":24}}},"fnMap":{"0":{"name":"compact","decl":{"start":{"line":1,"column":9},"end":{"line":1,"column":16}},"loc":{"start":{"line":1,"column":24},"end":{"line":5,"column":1}},"line":1},"1":{"name":"(anonymous_1)","decl":{"start":{"line":2,"column":24},"end":{"line":2,"column":25}},"loc":{"start":{"line":2,"column":42},"end":{"line":4,"column":5}},"line":2}},"branchMap":{},"s":{"0":1,"1":6,"2":1},"f":{"0":1,"1":6},"b":{},"_coverageSchema":"1a1c01bbd47fc00a2c39e90264f33305004495a9","hash":"e12cdec98ef9d82aa25249348fc25b9d413b7df2"}
}
